app/build/outputs/logs/manifest-merger-debug-report.txt
-- Merging decision tree log ---
manifest
ADDED from src/main/AndroidManifest.xml:2:1-25:12
	xmlns:android
		ADDED from src/main/AndroidManifest.xml:2:11-69
	package
		ADDED from src/main/AndroidManifest.xml:4:28-65
		INJECTED from src/main/AndroidManifest.xml
		INJECTED from src/main/AndroidManifest.xml
	android:versionName
		ADDED from src/main/AndroidManifest.xml:4:2-27
		INJECTED from src/main/AndroidManifest.xml
		INJECTED from src/main/AndroidManifest.xml
	android:versionCode
		ADDED from src/main/AndroidManifest.xml:3:2-25
		INJECTED from src/main/AndroidManifest.xml
		INJECTED from src/main/AndroidManifest.xml
application
ADDED from src/main/AndroidManifest.xml:6:5-20:19
	android:label
		ADDED from src/main/AndroidManifest.xml:6:48-80
	android:icon
		ADDED from src/main/AndroidManifest.xml:6:18-47
	android:name
		ADDED from src/main/AndroidManifest.xml:7:9-38
activity#com.varma.samples.speeddemo.MainActivity
ADDED from src/main/AndroidManifest.xml:8:9-14:20
	android:label
		ADDED from src/main/AndroidManifest.xml:9:19-51
	android:name
		ADDED from src/main/AndroidManifest.xml:8:19-47
intent-filter#android.intent.action.MAIN+android.intent.category.LAUNCHER
ADDED from src/main/AndroidManifest.xml:10:13-13:29
action#android.intent.action.MAIN
ADDED from src/main/AndroidManifest.xml:11:17-69
	android:name
		ADDED from src/main/AndroidManifest.xml:11:25-66
category#android.intent.category.LAUNCHER
ADDED from src/main/AndroidManifest.xml:12:17-77
	android:name
		ADDED from src/main/AndroidManifest.xml:12:27-74
activity#com.varma.samples.speeddemo.FinishedActivity
ADDED from src/main/AndroidManifest.xml:15:9-16:20
	android:name
		ADDED from src/main/AndroidManifest.xml:15:19-51
activity#com.varma.samples.speeddemo.LeaderboardActivity
ADDED from src/main/AndroidManifest.xml:17:9-18:20
	android:name
		ADDED from src/main/AndroidManifest.xml:17:19-54
uses-permission#android.permission.ACCESS_COARSE_LOCATION
ADDED from src/main/AndroidManifest.xml:22:2-94
	android:name
		ADDED from src/main/AndroidManifest.xml:22:19-75
uses-permission#android.permission.ACCESS_FINE_LOCATION
ADDED from src/main/AndroidManifest.xml:23:2-92
	android:name
		ADDED from src/main/AndroidManifest.xml:23:19-73
uses-permission#android.permission.INTERNET
ADDED from src/main/AndroidManifest.xml:24:5-67
	android:name
		ADDED from src/main/AndroidManifest.xml:24:22-64